#
# There is insufficient memory for the Java Runtime Environment to continue.
# Native memory allocation (mmap) failed to map 536870912 bytes. Error detail: G1 virtual space
# Possible reasons:
#   The system is out of physical RAM or swap space
#   This process is running with CompressedOops enabled, and the Java Heap may be blocking the growth of the native heap
# Possible solutions:
#   Reduce memory load on the system
#   Increase physical memory or swap space
#   Check if swap backing store is full
#   Decrease Java heap size (-Xmx/-Xms)
#   Decrease number of Java threads
#   Decrease Java thread stack sizes (-Xss)
#   Set larger code cache with -XX:ReservedCodeCacheSize=
#   JVM is running with Unscaled Compressed Oops mode in which the Java heap is
#     placed in the first 4GB address space. The Java Heap base address is the
#     maximum limit for the native heap growth. Please use -XX:HeapBaseMinAddress
#     to set the Java Heap base and to place the Java Heap above 4GB virtual address.
# This output file may be truncated or incomplete.
#
#  Out of Memory Error (os_windows.cpp:3686), pid=22044, tid=32780
#
# JRE version:  (21.0.7+6) (build )
# Java VM: OpenJDK 64-Bit Server VM (21.0.7+6-LTS, mixed mode, sharing, tiered, compressed oops, compressed class ptrs, g1 gc, windows-amd64)
# No core dump will be written. Minidumps are not enabled by default on client versions of Windows
#

---------------  S U M M A R Y ------------

Command Line: --add-modules=ALL-SYSTEM --add-opens=java.base/java.util=ALL-UNNAMED --add-opens=java.base/java.lang=ALL-UNNAMED --add-opens=java.base/sun.nio.fs=ALL-UNNAMED -Declipse.application=org.eclipse.jdt.ls.core.id1 -Dosgi.bundles.defaultStartLevel=4 -Declipse.product=org.eclipse.jdt.ls.core.product -Djava.import.generatesMetadataFilesAtProjectRoot=false -DDetectVMInstallationsJob.disabled=true -Dfile.encoding=utf8 -Xlog:disable -Xms512m -Xmx2048m -XX:+UseG1GC -javaagent:c:\Users\arbaj\.vscode\extensions\redhat.java-1.42.0-win32-x64\lombok\lombok-1.18.36.jar c:\Users\arbaj\.vscode\extensions\redhat.java-1.42.0-win32-x64\server\plugins\org.eclipse.equinox.launcher_1.7.0.v20250424-1814.jar -configuration c:\Users\arbaj\AppData\Roaming\Code\User\globalStorage\redhat.java\1.42.0\config_ss_win -data c:\Users\arbaj\AppData\Roaming\Code\User\workspaceStorage\3301d03d9224bca348256ee01b435c37\redhat.java\ss_ws --pipe=\\.\pipe\lsp-9f4c0a85151e06632f2273c7e30ce194-sock

Host: AMD Ryzen 7 5700U with Radeon Graphics         , 16 cores, 7G,  Windows 11 , 64 bit Build 26100 (10.0.26100.4202)
Time: Tue Jul  1 10:10:41 2025 India Standard Time elapsed time: 2.222634 seconds (0d 0h 0m 2s)

---------------  T H R E A D  ---------------

Current thread (0x000001adf919cca0):  JavaThread "Unknown thread" [_thread_in_vm, id=32780, stack(0x00000049d1200000,0x00000049d1300000) (1024K)]

Stack: [0x00000049d1200000,0x00000049d1300000]
Native frames: (J=compiled Java code, j=interpreted, Vv=VM code, C=native code)
V  [jvm.dll+0x6ce119]
V  [jvm.dll+0x8a84a1]
V  [jvm.dll+0x8aa9ce]
V  [jvm.dll+0x8ab0b3]
V  [jvm.dll+0x27f8a6]
V  [jvm.dll+0x6ca945]
V  [jvm.dll+0x6bebea]
V  [jvm.dll+0x355eca]
V  [jvm.dll+0x35da96]
V  [jvm.dll+0x3af72e]
V  [jvm.dll+0x3af9d8]
V  [jvm.dll+0x32a05c]
V  [jvm.dll+0x32abbb]
V  [jvm.dll+0x871719]
V  [jvm.dll+0x3bc501]
V  [jvm.dll+0x85a743]
V  [jvm.dll+0x45080e]
V  [jvm.dll+0x452451]
C  [jli.dll+0x5278]
C  [ucrtbase.dll+0x37b0]
C  [KERNEL32.DLL+0x2e8d7]
C  [ntdll.dll+0x3c34c]


---------------  P R O C E S S  ---------------

Threads class SMR info:
_java_thread_list=0x00007ffa4927a0c8, length=0, elements={
}

Java Threads: ( => current thread )
Total: 0

Other Threads:
  0x000001adf9171e60 WorkerThread "GC Thread#0"                     [id=23344, stack(0x00000049d1300000,0x00000049d1400000) (1024K)]
  0x000001adfb7017b0 ConcurrentGCThread "G1 Main Marker"            [id=20076, stack(0x00000049d1400000,0x00000049d1500000) (1024K)]
  0x000001adf91725a0 WorkerThread "G1 Conc#0"                       [id=6308, stack(0x00000049d1500000,0x00000049d1600000) (1024K)]

[error occurred during error reporting (printing all threads), id 0xc0000005, EXCEPTION_ACCESS_VIOLATION (0xc0000005) at pc=0x00007ffa4897c987]
VM state: not at safepoint (not fully initialized)

VM Mutex/Monitor currently owned by a thread:  ([mutex/lock_event])
[0x00007ffa492ee408] Heap_lock - owner thread: 0x000001adf919cca0

Heap address: 0x0000000080000000, size: 2048 MB, Compressed Oops mode: 32-bit

CDS archive(s) mapped at: [0x0000000000000000-0x0000000000000000-0x0000000000000000), size 0, SharedBaseAddress: 0x0000000800000000, ArchiveRelocationMode: 1.
Narrow klass base: 0x0000000000000000, Narrow klass shift: 0, Narrow klass range: 0x0

GC Precious Log:
 CardTable entry size: 512
 Card Set container configuration: InlinePtr #cards 5 size 8 Array Of Cards #cards 12 size 40 Howl #buckets 4 coarsen threshold 1843 Howl Bitmap #cards 512 size 80 coarsen threshold 460 Card regions per heap region 1 cards per card region 2048

Heap:
 garbage-first heap   total 0K, used 0K [0x0000000080000000, 0x0000000100000000)
  region size 1024K, 0 young (0K), 0 survivors (0K)

[error occurred during error reporting (printing heap information), id 0xc0000005, EXCEPTION_ACCESS_VIOLATION (0xc0000005) at pc=0x00007ffa48d67949]
GC Heap History (0 events):
No events

Dll operation events (1 events):
Event: 0.202 Loaded shared library c:\Users\arbaj\.vscode\extensions\redhat.java-1.42.0-win32-x64\jre\21.0.7-win32-x86_64\bin\java.dll

Deoptimization events (0 events):
No events

Classes loaded (0 events):
No events

Classes unloaded (0 events):
No events

Classes redefined (0 events):
No events

Internal exceptions (0 events):
No events

ZGC Phase Switch (0 events):
No events

VM Operations (0 events):
No events

Memory protections (0 events):
No events

Nmethod flushes (0 events):
No events

Events (0 events):
No events


Dynamic libraries:
0x00007ff6b6210000 - 0x00007ff6b621e000 	c:\Users\arbaj\.vscode\extensions\redhat.java-1.42.0-win32-x64\jre\21.0.7-win32-x86_64\bin\java.exe
0x00007ffaaf3c0000 - 0x00007ffaaf625000 	C:\WINDOWS\SYSTEM32\ntdll.dll
0x00007ffaade50000 - 0x00007ffaadf19000 	C:\WINDOWS\System32\KERNEL32.DLL
0x00007ffaac660000 - 0x00007ffaaca48000 	C:\WINDOWS\System32\KERNELBASE.dll
0x00007ffaac510000 - 0x00007ffaac65b000 	C:\WINDOWS\System32\ucrtbase.dll
0x00007ffa86a70000 - 0x00007ffa86a8e000 	c:\Users\arbaj\.vscode\extensions\redhat.java-1.42.0-win32-x64\jre\21.0.7-win32-x86_64\bin\VCRUNTIME140.dll
0x00007ffa8dbe0000 - 0x00007ffa8dbf8000 	c:\Users\arbaj\.vscode\extensions\redhat.java-1.42.0-win32-x64\jre\21.0.7-win32-x86_64\bin\jli.dll
0x00007ffaae900000 - 0x00007ffaaeaca000 	C:\WINDOWS\System32\USER32.dll
0x00007ffa90490000 - 0x00007ffa9072a000 	C:\WINDOWS\WinSxS\amd64_microsoft.windows.common-controls_6595b64144ccf1df_6.0.26100.4202_none_3e0698d4e335f517\COMCTL32.dll
0x00007ffaace60000 - 0x00007ffaace87000 	C:\WINDOWS\System32\win32u.dll
0x00007ffaaed50000 - 0x00007ffaaedf9000 	C:\WINDOWS\System32\msvcrt.dll
0x00007ffaadf30000 - 0x00007ffaadf5b000 	C:\WINDOWS\System32\GDI32.dll
0x00007ffaaca50000 - 0x00007ffaacb87000 	C:\WINDOWS\System32\gdi32full.dll
0x00007ffaacdb0000 - 0x00007ffaace53000 	C:\WINDOWS\System32\msvcp_win.dll
0x00007ffaaed10000 - 0x00007ffaaed40000 	C:\WINDOWS\System32\IMM32.DLL
0x00007ffaa4990000 - 0x00007ffaa499c000 	c:\Users\arbaj\.vscode\extensions\redhat.java-1.42.0-win32-x64\jre\21.0.7-win32-x86_64\bin\vcruntime140_1.dll
0x00007ffa61160000 - 0x00007ffa611ed000 	c:\Users\arbaj\.vscode\extensions\redhat.java-1.42.0-win32-x64\jre\21.0.7-win32-x86_64\bin\msvcp140.dll
0x00007ffa48640000 - 0x00007ffa493d0000 	c:\Users\arbaj\.vscode\extensions\redhat.java-1.42.0-win32-x64\jre\21.0.7-win32-x86_64\bin\server\jvm.dll
0x00007ffaae310000 - 0x00007ffaae3c3000 	C:\WINDOWS\System32\ADVAPI32.dll
0x00007ffaadf70000 - 0x00007ffaae016000 	C:\WINDOWS\System32\sechost.dll
0x00007ffaae600000 - 0x00007ffaae715000 	C:\WINDOWS\System32\RPCRT4.dll
0x00007ffaae120000 - 0x00007ffaae194000 	C:\WINDOWS\System32\WS2_32.dll
0x00007ffaac2b0000 - 0x00007ffaac30e000 	C:\WINDOWS\SYSTEM32\POWRPROF.dll
0x00007ffaa3520000 - 0x00007ffaa3555000 	C:\WINDOWS\SYSTEM32\WINMM.dll
0x00007ffaa5100000 - 0x00007ffaa510b000 	C:\WINDOWS\SYSTEM32\VERSION.dll
0x00007ffaac290000 - 0x00007ffaac2a4000 	C:\WINDOWS\SYSTEM32\UMPDC.dll
0x00007ffaab270000 - 0x00007ffaab28b000 	C:\WINDOWS\SYSTEM32\kernel.appcore.dll
0x00007ffa9da90000 - 0x00007ffa9da9a000 	c:\Users\arbaj\.vscode\extensions\redhat.java-1.42.0-win32-x64\jre\21.0.7-win32-x86_64\bin\jimage.dll
0x00007ffaa9eb0000 - 0x00007ffaaa0f1000 	C:\WINDOWS\SYSTEM32\DBGHELP.DLL
0x00007ffaad950000 - 0x00007ffaadcd5000 	C:\WINDOWS\System32\combase.dll
0x00007ffaaee00000 - 0x00007ffaaeee1000 	C:\WINDOWS\System32\OLEAUT32.dll
0x00007ffa8c8f0000 - 0x00007ffa8c929000 	C:\WINDOWS\SYSTEM32\dbgcore.DLL
0x00007ffaacd10000 - 0x00007ffaacda9000 	C:\WINDOWS\System32\bcryptPrimitives.dll
0x00007ffa91590000 - 0x00007ffa9159f000 	c:\Users\arbaj\.vscode\extensions\redhat.java-1.42.0-win32-x64\jre\21.0.7-win32-x86_64\bin\instrument.dll
0x00007ffa82bc0000 - 0x00007ffa82bdf000 	c:\Users\arbaj\.vscode\extensions\redhat.java-1.42.0-win32-x64\jre\21.0.7-win32-x86_64\bin\java.dll

dbghelp: loaded successfully - version: 4.0.5 - missing functions: none
symbol engine: initialized successfully - sym options: 0x614 - pdb path: .;c:\Users\arbaj\.vscode\extensions\redhat.java-1.42.0-win32-x64\jre\21.0.7-win32-x86_64\bin;C:\WINDOWS\SYSTEM32;C:\WINDOWS\WinSxS\amd64_microsoft.windows.common-controls_6595b64144ccf1df_6.0.26100.4202_none_3e0698d4e335f517;c:\Users\arbaj\.vscode\extensions\redhat.java-1.42.0-win32-x64\jre\21.0.7-win32-x86_64\bin\server

VM Arguments:
jvm_args: --add-modules=ALL-SYSTEM --add-opens=java.base/java.util=ALL-UNNAMED --add-opens=java.base/java.lang=ALL-UNNAMED --add-opens=java.base/sun.nio.fs=ALL-UNNAMED -Declipse.application=org.eclipse.jdt.ls.core.id1 -Dosgi.bundles.defaultStartLevel=4 -Declipse.product=org.eclipse.jdt.ls.core.product -Djava.import.generatesMetadataFilesAtProjectRoot=false -DDetectVMInstallationsJob.disabled=true -Dfile.encoding=utf8 -Xlog:disable -Xms512m -Xmx2048m -XX:+UseG1GC -javaagent:c:\Users\arbaj\.vscode\extensions\redhat.java-1.42.0-win32-x64\lombok\lombok-1.18.36.jar 
java_command: c:\Users\arbaj\.vscode\extensions\redhat.java-1.42.0-win32-x64\server\plugins\org.eclipse.equinox.launcher_1.7.0.v20250424-1814.jar -configuration c:\Users\arbaj\AppData\Roaming\Code\User\globalStorage\redhat.java\1.42.0\config_ss_win -data c:\Users\arbaj\AppData\Roaming\Code\User\workspaceStorage\3301d03d9224bca348256ee01b435c37\redhat.java\ss_ws --pipe=\\.\pipe\lsp-9f4c0a85151e06632f2273c7e30ce194-sock
java_class_path (initial): c:\Users\arbaj\.vscode\extensions\redhat.java-1.42.0-win32-x64\server\plugins\org.eclipse.equinox.launcher_1.7.0.v20250424-1814.jar
Launcher Type: SUN_STANDARD

[Global flags]
     intx CICompilerCount                          = 12                                        {product} {ergonomic}
     uint ConcGCThreads                            = 3                                         {product} {ergonomic}
     uint G1ConcRefinementThreads                  = 13                                        {product} {ergonomic}
   size_t G1HeapRegionSize                         = 1048576                                   {product} {ergonomic}
    uintx GCDrainStackTargetSize                   = 64                                        {product} {ergonomic}
   size_t InitialHeapSize                          = 536870912                                 {product} {command line}
   size_t MarkStackSize                            = 4194304                                   {product} {ergonomic}
   size_t MaxHeapSize                              = 2147483648                                {product} {command line}
   size_t MinHeapDeltaBytes                        = 1048576                                   {product} {ergonomic}
   size_t MinHeapSize                              = 536870912                                 {product} {command line}
    uintx NonNMethodCodeHeapSize                   = 7602480                                {pd product} {ergonomic}
    uintx NonProfiledCodeHeapSize                  = 122027880                              {pd product} {ergonomic}
    uintx ProfiledCodeHeapSize                     = 122027880                              {pd product} {ergonomic}
    uintx ReservedCodeCacheSize                    = 251658240                              {pd product} {ergonomic}
     bool SegmentedCodeCache                       = true                                      {product} {ergonomic}
   size_t SoftMaxHeapSize                          = 2147483648                             {manageable} {ergonomic}
     bool UseCompressedOops                        = true                           {product lp64_product} {ergonomic}
     bool UseG1GC                                  = true                                      {product} {command line}
     bool UseLargePagesIndividualAllocation        = false                                  {pd product} {ergonomic}

Logging:
Log output configuration:
 #0: stdout all=off uptime,level,tags foldmultilines=false
 #1: stderr all=off uptime,level,tags foldmultilines=false

Environment Variables:
JAVA_HOME=C:\Program Files\Java\jdk-21
PATH=C:\oraclexe\app\oracle\product\11.2.0\server\bin;C:\Program Files\Java\jdk-21\bin;C:\Program Files\Common Files\Oracle\Java\javapath;C:\Windows\system32;C:\Windows;C:\Windows\System32\Wbem;C:\Windows\System32\WindowsPowerShell\v1.0\;C:\Windows\System32\OpenSSH\;C:\Program Files\nodejs;C:\Program Files\nodejs\;C:\Program Files\HP\HP One Agent;D:\GGo1\bin;C:\MinGW\bin;C:\Program Files\MySQL\MySQL Server 9.0\bin;C:\Program Files\MongoDB\Server\7.0\bin;C:\WINDOWS\system32;C:\WINDOWS;C:\WINDOWS\System32\Wbem;C:\WINDOWS\System32\WindowsPowerShell\v1.0\;C:\WINDOWS\System32\OpenSSH\;C:\Program Files\Microsoft VS Code\bin;E:\Git\Git\cmd;C:\Program Files\Docker\Docker\resources\bin;C:\Program Files\GIT\Git\cmd;C:\Program Files\Void\bin;c:\Users\arbaj\AppData\Local\Programs\Trae\bin;E:\xampp\php;C:\Users\arbaj\AppData\Local\Android\Sdk\platform-tools;C:\Program Files\MySQL\MySQL Shell 8.0\bin\;C:\Users\arbaj\AppData\Local\Microsoft\WindowsApps;C:\Program Files\nodejs;C:\Users\arbaj\AppData\Roaming\npm;C:\Users\arbaj\go\bin;C:\Users\arbaj\AppData\Local\Programs\Microsoft VS Code\bin;C:\Users\arbaj\AppData\Local\Programs\mongosh\;C:\PHP;C:\PHP\;C:\Users\arbaj\AppData\Local\Android\Sdk;C:\Users\arbaj\AppData\Local\Android\Sdk\platform-tools;C:\Users\arbaj\AppData\Local\Android\Sdk\emulator;C:\Users\arbaj\Downloads\apache-maven-3.9.9-bin\apache-maven-3.9.9\bin;C:\Users\arbaj\Downloads\apache-maven-3.9.9-bin\apache-maven-3.9.9;D:\flutter_windows_3.29.3-stable\flutter;D:\flutter_windows_3.29.3-stable\flutter\bin;D:\php;D:\php\;E:\xampp\htdocs\whatsapp_official;C:\Users\arbaj\AppData\Local\Programs\Windsurf\bin;C:\Program Files\GIT\Git;C:\Program Files\GIT\Git\bin
USERNAME=arbaj
OS=Windows_NT
PROCESSOR_IDENTIFIER=AMD64 Family 23 Model 104 Stepping 1, AuthenticAMD
TMP=D:\Temp
TEMP=D:\Temp




Periodic native trim disabled

---------------  S Y S T E M  ---------------

OS:
 Windows 11 , 64 bit Build 26100 (10.0.26100.4202)
OS uptime: 10 days 2:47 hours
Hyper-V role detected

CPU: total 16 (initial active 16) (16 cores per cpu, 2 threads per core) family 23 model 104 stepping 1 microcode 0x8608104, cx8, cmov, fxsr, ht, mmx, 3dnowpref, sse, sse2, sse3, ssse3, sse4a, sse4.1, sse4.2, popcnt, lzcnt, tsc, tscinvbit, avx, avx2, aes, clmul, bmi1, bmi2, adx, sha, fma, vzeroupper, clflush, clflushopt, hv, rdtscp, rdpid, f16c
Processor Information for the first 16 processors :
  Max Mhz: 1801, Current Mhz: 1801, Mhz Limit: 1801

Memory: 4k page, system-wide physical 7501M (532M free)
TotalPageFile size 29958M (AvailPageFile size 2M)
current process WorkingSet (physical memory assigned to process): 12M, peak: 12M
current process commit charge ("private bytes"): 70M, peak: 582M

vm_info: OpenJDK 64-Bit Server VM (21.0.7+6-LTS) for windows-amd64 JRE (21.0.7+6-LTS), built on 2025-04-15T00:00:00Z by "admin" with MS VC++ 17.7 (VS2022)

END.
